\BOOKMARK [1][-]{section.1}{Introduction}{}% 1
\BOOKMARK [2][-]{subsection.1.1}{Background}{section.1}% 2
\BOOKMARK [2][-]{subsection.1.2}{Motivating Example}{section.1}% 3
\BOOKMARK [1][-]{section.2}{Methods}{}% 4
\BOOKMARK [2][-]{subsection.2.1}{Spatio-temporal Model}{section.2}% 5
\BOOKMARK [2][-]{subsection.2.2}{Finite Population Block Kriging}{section.2}% 6
\BOOKMARK [2][-]{subsection.2.3}{Estimation}{section.2}% 7
\BOOKMARK [1][-]{section.3}{Application}{}% 8
\BOOKMARK [2][-]{subsection.3.1}{Data Description}{section.3}% 9
\BOOKMARK [2][-]{subsection.3.2}{Model Fitting}{section.3}% 10
\BOOKMARK [2][-]{subsection.3.3}{Prediction}{section.3}% 11
\BOOKMARK [1][-]{section.4}{Simulation}{}% 12
\BOOKMARK [2][-]{subsection.4.1}{Description}{section.4}% 13
\BOOKMARK [2][-]{subsection.4.2}{Results}{section.4}% 14
\BOOKMARK [1][-]{section.5}{Discussion}{}% 15
\BOOKMARK [1][-]{section.6}{Declarations}{}% 16
\BOOKMARK [2][-]{section*.9}{Data and Code Availability}{section.6}% 17
\BOOKMARK [1][-]{section*.11}{Appendix}{}% 18
\BOOKMARK [2][-]{subsection.6.1}{Simulation Tables}{section*.11}% 19
\BOOKMARK [2][-]{subsection.6.2}{Supplementary Analysis}{section*.11}% 20
\BOOKMARK [1][-]{section*.16}{References}{}% 21
